# JRE version: OpenJDK Runtime Environment Temurin-21.0.6+7 (21.0.6+7) (build 21.0.6+7-LTS)
# Java VM: OpenJDK 64-Bit Server VM Temurin-21.0.6+7 (21.0.6+7-LTS, mixed mode, sharing, tiered, compressed oops, compressed class ptrs, g1 gc, windows-amd64)
GC Precious Log:
 CardTable entry size: 512
 Card Set container configuration: InlinePtr #cards 5 size 8 Array Of Cards #cards 12 size 40 Howl #buckets 4 coarsen threshold 1843 Howl Bitmap #cards 512 size 80 coarsen threshold 460 Card regions per heap region 1 cards per card region 2048
 CPUs: 4 total, 4 available
 Memory: 3989M
 Large Page Support: Disabled
 NUMA Support: Disabled
 Compressed Oops: Enabled (32-bit)
 Heap Region Size: 1M
 Heap Min Capacity: 8M
 Heap Initial Capacity: 64M
 Heap Max Capacity: 998M
 Pre-touch: Disabled
 Parallel Workers: 4
 Concurrent Workers: 1
 Concurrent Refinement Workers: 4
 Periodic GC: Disabled
Heap:
 garbage-first heap   total 71680K, used 55865K [0x00000000c1a00000, 0x0000000100000000)
  region size 1024K, 16 young (16384K), 4 survivors (4096K)
 Metaspace       used 26694K, committed 27136K, reserved 1114112K
  class space    used 3180K, committed 3392K, reserved 1048576K
GC Heap History (10 events):
Event: 2.903 GC heap before
{Heap before GC invocations=0 (full 0):
 garbage-first heap   total 65536K, used 12288K [0x00000000c1a00000, 0x0000000100000000)
  region size 1024K, 13 young (13312K), 0 survivors (0K)
 Metaspace       used 1788K, committed 1920K, reserved 1114112K
  class space    used 184K, committed 256K, reserved 1048576K
}
Event: 2.963 GC heap after
{Heap after GC invocations=1 (full 0):
 garbage-first heap   total 65536K, used 1837K [0x00000000c1a00000, 0x0000000100000000)
  region size 1024K, 2 young (2048K), 2 survivors (2048K)
 Metaspace       used 1788K, committed 1920K, reserved 1114112K
  class space    used 184K, committed 256K, reserved 1048576K
}
Event: 5.900 GC heap before
{Heap before GC invocations=1 (full 0):
 garbage-first heap   total 65536K, used 17197K [0x00000000c1a00000, 0x0000000100000000)
  region size 1024K, 18 young (18432K), 2 survivors (2048K)
 Metaspace       used 7490K, committed 7744K, reserved 1114112K
  class space    used 816K, committed 960K, reserved 1048576K
}
Event: 5.915 GC heap after
{Heap after GC invocations=2 (full 0):
 garbage-first heap   total 65536K, used 4153K [0x00000000c1a00000, 0x0000000100000000)
  region size 1024K, 3 young (3072K), 3 survivors (3072K)
 Metaspace       used 7490K, committed 7744K, reserved 1114112K
  class space    used 816K, committed 960K, reserved 1048576K
}
Event: 12.012 GC heap before
{Heap before GC invocations=2 (full 0):
 garbage-first heap   total 65536K, used 44089K [0x00000000c1a00000, 0x0000000100000000)
  region size 1024K, 38 young (38912K), 3 survivors (3072K)
 Metaspace       used 15839K, committed 16192K, reserved 1114112K
  class space    used 1882K, committed 2048K, reserved 1048576K
}
Event: 12.044 GC heap after
{Heap after GC invocations=3 (full 0):
 garbage-first heap   total 65536K, used 17708K [0x00000000c1a00000, 0x0000000100000000)
  region size 1024K, 5 young (5120K), 5 survivors (5120K)
 Metaspace       used 15839K, committed 16192K, reserved 1114112K
  class space    used 1882K, committed 2048K, reserved 1048576K
}
Event: 15.785 GC heap before
{Heap before GC invocations=3 (full 0):
 garbage-first heap   total 65536K, used 32044K [0x00000000c1a00000, 0x0000000100000000)
  region size 1024K, 21 young (21504K), 5 survivors (5120K)
 Metaspace       used 21204K, committed 21504K, reserved 1114112K
  class space    used 2570K, committed 2688K, reserved 1048576K
}
Event: 15.811 GC heap after
{Heap after GC invocations=4 (full 0):
 garbage-first heap   total 65536K, used 19649K [0x00000000c1a00000, 0x0000000100000000)
  region size 1024K, 2 young (2048K), 2 survivors (2048K)
 Metaspace       used 21204K, committed 21504K, reserved 1114112K
  class space    used 2570K, committed 2688K, reserved 1048576K
}
Event: 30.307 GC heap before
{Heap before GC invocations=5 (full 0):
 garbage-first heap   total 67584K, used 65729K [0x00000000c1a00000, 0x0000000100000000)
  region size 1024K, 26 young (26624K), 2 survivors (2048K)
 Metaspace       used 25762K, committed 26176K, reserved 1114112K
  class space    used 3173K, committed 3392K, reserved 1048576K
}
Event: 30.325 GC heap after
{Heap after GC invocations=6 (full 0):
 garbage-first heap   total 71680K, used 44601K [0x00000000c1a00000, 0x0000000100000000)
  region size 1024K, 4 young (4096K), 4 survivors (4096K)
 Metaspace       used 25762K, committed 26176K, reserved 1114112K
  class space    used 3173K, committed 3392K, reserved 1048576K
}

